<?xml version="1.0" encoding="UTF-8"?>
<TestRun id="3694db40-b929-4fb0-894a-09e35b8853bc" name="KBurkhardt@LTKBURKHARDTW7 2011-04-29 08:55:43" runUser="ENTERPRISE\KBurkhardt" xmlns="http://microsoft.com/schemas/VisualStudio/TeamTest/2010">
  <TestSettings name="Default Test Settings" id="3948efe5-a69d-44af-82ea-b57d8a7fdf18">
    <Execution>
      <TestTypeSpecific />
      <AgentRule name="Execution Agents">
      </AgentRule>
    </Execution>
    <Deployment runDeploymentRoot="KBurkhardt_LTKBURKHARDTW7 2011-04-29 08_55_43" />
  </TestSettings>
  <Times creation="2011-04-29T08:55:43.5287676-04:00" queuing="2011-04-29T08:55:44.0588206-04:00" start="2011-04-29T08:55:44.3088456-04:00" finish="2011-04-29T08:55:44.5578705-04:00" />
  <ResultSummary outcome="Completed">
    <Counters total="1" executed="1" passed="1" error="0" failed="0" timeout="0" aborted="0" inconclusive="0" passedButRunAborted="0" notRunnable="0" notExecuted="0" disconnected="0" warning="0" completed="0" inProgress="0" pending="0" />
  </ResultSummary>
  <TestDefinitions>
    <UnitTest name="can_sort_products" storage="c:\temp\examples\csharpindepth\csharpindepth.tests\bin\debug\csharpindepth.tests.dll" id="84b2a64c-dd5f-79c0-ca13-a92e2483c0ed">
      <Execution timeOut="1800000" id="46bd3efb-d2c0-4438-a543-8d0a2940356c" />
      <TestMethod codeBase="C:/Temp/examples/CSharpInDepth/CSharpInDepth.Tests/bin/Debug/CSharpInDepth.Tests.DLL" adapterTypeName="Microsoft.VisualStudio.TestTools.TestTypes.Unit.UnitTestAdapter, Microsoft.VisualStudio.QualityTools.Tips.UnitTest.Adapter, Version=10.0.0.0, Culture=neutral, PublicKeyToken=b03f5f7f11d50a3a" className="CSharpInDepth.Tests.Ver4.Tests, CSharpInDepth.Tests, Version=1.0.0.0, Culture=neutral, PublicKeyToken=null" name="can_sort_products" />
    </UnitTest>
  </TestDefinitions>
  <TestLists>
    <TestList name="Results Not in a List" id="8c84fa94-04c1-424b-9868-57a2d4851a1d" />
    <TestList name="All Loaded Results" id="19431567-8539-422a-85d7-44ee4e166bda" />
  </TestLists>
  <TestEntries>
    <TestEntry testId="84b2a64c-dd5f-79c0-ca13-a92e2483c0ed" executionId="46bd3efb-d2c0-4438-a543-8d0a2940356c" testListId="8c84fa94-04c1-424b-9868-57a2d4851a1d" />
  </TestEntries>
  <Results>
    <UnitTestResult executionId="46bd3efb-d2c0-4438-a543-8d0a2940356c" testId="84b2a64c-dd5f-79c0-ca13-a92e2483c0ed" testName="can_sort_products" computerName="LTKBURKHARDTW7" duration="00:00:00.0197108" startTime="2011-04-29T08:55:44.3728520-04:00" endTime="2011-04-29T08:55:44.4688616-04:00" testType="13cdc9d9-ddb5-4fa4-a97d-d965ccfc6d4b" outcome="Passed" testListId="8c84fa94-04c1-424b-9868-57a2d4851a1d" relativeResultsDirectory="46bd3efb-d2c0-4438-a543-8d0a2940356c">
      <Output>
        <StdOut>Assasians: 14.99
Frogs: 13.99
Sweeney Todd: 10.99
West Side Story: 9.99</StdOut>
      </Output>
    </UnitTestResult>
  </Results>
</TestRun>