<?xml version="1.0" encoding="UTF-8"?>
<TestRun id="380e51ac-9074-447e-8b81-c546bd3343be" name="KBurkhardt@LTKBURKHARDTW7 2011-04-29 09:50:15" runUser="ENTERPRISE\KBurkhardt" xmlns="http://microsoft.com/schemas/VisualStudio/TeamTest/2010">
  <TestSettings name="Default Test Settings" id="fffd948e-cdbf-4a41-b44a-3e61b1cba41c">
    <Execution>
      <TestTypeSpecific />
      <AgentRule name="Execution Agents">
      </AgentRule>
    </Execution>
    <Deployment runDeploymentRoot="KBurkhardt_LTKBURKHARDTW7 2011-04-29 09_50_15" />
  </TestSettings>
  <Times creation="2011-04-29T09:50:15.4329253-04:00" queuing="2011-04-29T09:50:15.9419762-04:00" start="2011-04-29T09:50:16.1840004-04:00" finish="2011-04-29T09:50:16.4410261-04:00" />
  <ResultSummary outcome="Completed">
    <Counters total="1" executed="1" passed="1" error="0" failed="0" timeout="0" aborted="0" inconclusive="0" passedButRunAborted="0" notRunnable="0" notExecuted="0" disconnected="0" warning="0" completed="0" inProgress="0" pending="0" />
  </ResultSummary>
  <TestDefinitions>
    <UnitTest name="can_loop_products" storage="c:\temp\examples\csharpindepth\csharpindepth.tests\bin\debug\csharpindepth.tests.dll" id="90cfbf40-0aba-8816-c9ae-1a6c83a91465">
      <Execution timeOut="1800000" id="7dde116f-fe31-4118-9a59-29177102f1ea" />
      <TestMethod codeBase="C:/Temp/examples/CSharpInDepth/CSharpInDepth.Tests/bin/Debug/CSharpInDepth.Tests.DLL" adapterTypeName="Microsoft.VisualStudio.TestTools.TestTypes.Unit.UnitTestAdapter, Microsoft.VisualStudio.QualityTools.Tips.UnitTest.Adapter, Version=10.0.0.0, Culture=neutral, PublicKeyToken=b03f5f7f11d50a3a" className="CSharpInDepth.Tests.Ver1.Tests, CSharpInDepth.Tests, Version=1.0.0.0, Culture=neutral, PublicKeyToken=null" name="can_loop_products" />
    </UnitTest>
  </TestDefinitions>
  <TestLists>
    <TestList name="Results Not in a List" id="8c84fa94-04c1-424b-9868-57a2d4851a1d" />
    <TestList name="All Loaded Results" id="19431567-8539-422a-85d7-44ee4e166bda" />
  </TestLists>
  <TestEntries>
    <TestEntry testId="90cfbf40-0aba-8816-c9ae-1a6c83a91465" executionId="7dde116f-fe31-4118-9a59-29177102f1ea" testListId="8c84fa94-04c1-424b-9868-57a2d4851a1d" />
  </TestEntries>
  <Results>
    <UnitTestResult executionId="7dde116f-fe31-4118-9a59-29177102f1ea" testId="90cfbf40-0aba-8816-c9ae-1a6c83a91465" testName="can_loop_products" computerName="LTKBURKHARDTW7" duration="00:00:00.0184957" startTime="2011-04-29T09:50:16.2410061-04:00" endTime="2011-04-29T09:50:16.3470167-04:00" testType="13cdc9d9-ddb5-4fa4-a97d-d965ccfc6d4b" outcome="Passed" testListId="8c84fa94-04c1-424b-9868-57a2d4851a1d" relativeResultsDirectory="7dde116f-fe31-4118-9a59-29177102f1ea">
      <Output>
        <StdOut>Assasians: 14.99
Frogs: 13.99
Sweeney Todd: 10.99</StdOut>
      </Output>
    </UnitTestResult>
  </Results>
</TestRun>