<?xml version="1.0" encoding="UTF-8"?>
<TestRun id="1c12ff3b-d2b0-4627-a08e-b502697f0b24" name="KBurkhardt@LTKBURKHARDTW7 2011-04-28 13:40:00" runUser="ENTERPRISE\KBurkhardt" xmlns="http://microsoft.com/schemas/VisualStudio/TeamTest/2010">
  <TestSettings name="Default Test Settings" id="fcd46ac8-0374-4a39-a2b3-a0e9b9b4a66a">
    <Execution>
      <TestTypeSpecific />
      <AgentRule name="Execution Agents">
      </AgentRule>
    </Execution>
    <Deployment runDeploymentRoot="KBurkhardt_LTKBURKHARDTW7 2011-04-28 13_40_00" />
  </TestSettings>
  <Times creation="2011-04-28T13:40:00.8779340-04:00" queuing="2011-04-28T13:40:01.7160178-04:00" start="2011-04-28T13:40:02.0880550-04:00" finish="2011-04-28T13:41:14.7893244-04:00" />
  <ResultSummary outcome="Completed">
    <Counters total="1" executed="1" passed="1" error="0" failed="0" timeout="0" aborted="0" inconclusive="0" passedButRunAborted="0" notRunnable="0" notExecuted="0" disconnected="0" warning="0" completed="0" inProgress="0" pending="0" />
  </ResultSummary>
  <TestDefinitions>
    <UnitTest name="can_sort_products" storage="c:\temp\examples\csharpindepth\csharpindepth.tests\bin\debug\csharpindepth.tests.dll" id="6dded673-36e5-1dd6-f941-230d00575c14">
      <Execution timeOut="1800000" id="46950f6a-94c7-4a0c-946f-b70cdb3c04a1" />
      <TestMethod codeBase="C:/Temp/examples/CSharpInDepth/CSharpInDepth.Tests/bin/Debug/CSharpInDepth.Tests.DLL" adapterTypeName="Microsoft.VisualStudio.TestTools.TestTypes.Unit.UnitTestAdapter, Microsoft.VisualStudio.QualityTools.Tips.UnitTest.Adapter, Version=10.0.0.0, Culture=neutral, PublicKeyToken=b03f5f7f11d50a3a" className="CSharpInDepth.Tests.Ver1.ChapterOneTests, CSharpInDepth.Tests, Version=1.0.0.0, Culture=neutral, PublicKeyToken=null" name="can_sort_products" />
    </UnitTest>
  </TestDefinitions>
  <TestLists>
    <TestList name="Results Not in a List" id="8c84fa94-04c1-424b-9868-57a2d4851a1d" />
    <TestList name="All Loaded Results" id="19431567-8539-422a-85d7-44ee4e166bda" />
  </TestLists>
  <TestEntries>
    <TestEntry testId="6dded673-36e5-1dd6-f941-230d00575c14" executionId="46950f6a-94c7-4a0c-946f-b70cdb3c04a1" testListId="8c84fa94-04c1-424b-9868-57a2d4851a1d" />
  </TestEntries>
  <Results>
    <UnitTestResult executionId="46950f6a-94c7-4a0c-946f-b70cdb3c04a1" testId="6dded673-36e5-1dd6-f941-230d00575c14" testName="can_sort_products" computerName="LTKBURKHARDTW7" duration="00:01:12.3756284" startTime="2011-04-28T13:40:02.2050667-04:00" endTime="2011-04-28T13:41:14.6903145-04:00" testType="13cdc9d9-ddb5-4fa4-a97d-d965ccfc6d4b" outcome="Passed" testListId="8c84fa94-04c1-424b-9868-57a2d4851a1d" relativeResultsDirectory="46950f6a-94c7-4a0c-946f-b70cdb3c04a1">
      <Output>
        <StdOut>Assasians: 14.99
Frogs: 13.99
Sweeney Todd: 10.99
West Side Story: 9.99</StdOut>
      </Output>
    </UnitTestResult>
  </Results>
</TestRun>