<?xml version="1.0" encoding="UTF-8"?>
<TestRun id="d5dabc26-55f6-480e-932a-93b093faa1c4" name="KBurkhardt@LTKBURKHARDTW7 2011-04-29 09:37:48" runUser="ENTERPRISE\KBurkhardt" xmlns="http://microsoft.com/schemas/VisualStudio/TeamTest/2010">
  <TestSettings name="Default Test Settings" id="edb603d3-5abb-4a9f-bbf2-c4694ebceb34">
    <Execution>
      <TestTypeSpecific />
      <AgentRule name="Execution Agents">
      </AgentRule>
    </Execution>
    <Deployment runDeploymentRoot="KBurkhardt_LTKBURKHARDTW7 2011-04-29 09_37_48" />
  </TestSettings>
  <Times creation="2011-04-29T09:37:48.1942089-04:00" queuing="2011-04-29T09:37:48.7712666-04:00" start="2011-04-29T09:37:49.0122907-04:00" finish="2011-04-29T09:37:49.2703165-04:00" />
  <ResultSummary outcome="Completed">
    <Counters total="1" executed="1" passed="1" error="0" failed="0" timeout="0" aborted="0" inconclusive="0" passedButRunAborted="0" notRunnable="0" notExecuted="0" disconnected="0" warning="0" completed="0" inProgress="0" pending="0" />
  </ResultSummary>
  <TestDefinitions>
    <UnitTest name="can_sort_products" storage="c:\temp\examples\csharpindepth\csharpindepth.tests\bin\debug\csharpindepth.tests.dll" id="40475a9f-7549-d473-bbbd-68160e1374b1">
      <Execution timeOut="1800000" id="51cbea37-218c-454f-ab7a-17a16f916dc3" />
      <TestMethod codeBase="C:/Temp/examples/CSharpInDepth/CSharpInDepth.Tests/bin/Debug/CSharpInDepth.Tests.DLL" adapterTypeName="Microsoft.VisualStudio.TestTools.TestTypes.Unit.UnitTestAdapter, Microsoft.VisualStudio.QualityTools.Tips.UnitTest.Adapter, Version=10.0.0.0, Culture=neutral, PublicKeyToken=b03f5f7f11d50a3a" className="CSharpInDepth.Tests.Ver5.Tests, CSharpInDepth.Tests, Version=1.0.0.0, Culture=neutral, PublicKeyToken=null" name="can_sort_products" />
    </UnitTest>
  </TestDefinitions>
  <TestLists>
    <TestList name="Results Not in a List" id="8c84fa94-04c1-424b-9868-57a2d4851a1d" />
    <TestList name="All Loaded Results" id="19431567-8539-422a-85d7-44ee4e166bda" />
  </TestLists>
  <TestEntries>
    <TestEntry testId="40475a9f-7549-d473-bbbd-68160e1374b1" executionId="51cbea37-218c-454f-ab7a-17a16f916dc3" testListId="8c84fa94-04c1-424b-9868-57a2d4851a1d" />
  </TestEntries>
  <Results>
    <UnitTestResult executionId="51cbea37-218c-454f-ab7a-17a16f916dc3" testId="40475a9f-7549-d473-bbbd-68160e1374b1" testName="can_sort_products" computerName="LTKBURKHARDTW7" duration="00:00:00.0264531" startTime="2011-04-29T09:37:49.0672962-04:00" endTime="2011-04-29T09:37:49.1783073-04:00" testType="13cdc9d9-ddb5-4fa4-a97d-d965ccfc6d4b" outcome="Passed" testListId="8c84fa94-04c1-424b-9868-57a2d4851a1d" relativeResultsDirectory="51cbea37-218c-454f-ab7a-17a16f916dc3">
      <Output>
        <StdOut>Assasians: 14.99
Frogs: 13.99
Sweeney Todd: 10.99
West Side Story: 9.99</StdOut>
      </Output>
    </UnitTestResult>
  </Results>
</TestRun>