<?xml version="1.0" encoding="UTF-8"?>
<TestRun id="892e8688-48a8-45b2-9153-9691cab026b8" name="KBurkhardt@LTKBURKHARDTW7 2011-04-28 13:48:20" runUser="ENTERPRISE\KBurkhardt" xmlns="http://microsoft.com/schemas/VisualStudio/TeamTest/2010">
  <TestSettings name="Default Test Settings" id="a44a13ef-6361-462b-bc48-decff437a526">
    <Execution>
      <TestTypeSpecific />
      <AgentRule name="Execution Agents">
      </AgentRule>
    </Execution>
    <Deployment runDeploymentRoot="KBurkhardt_LTKBURKHARDTW7 2011-04-28 13_48_20" />
  </TestSettings>
  <Times creation="2011-04-28T13:48:20.4638876-04:00" queuing="2011-04-28T13:48:20.9829395-04:00" start="2011-04-28T13:48:21.2319644-04:00" finish="2011-04-28T13:48:21.4969909-04:00" />
  <ResultSummary outcome="Completed">
    <Counters total="1" executed="1" passed="1" error="0" failed="0" timeout="0" aborted="0" inconclusive="0" passedButRunAborted="0" notRunnable="0" notExecuted="0" disconnected="0" warning="0" completed="0" inProgress="0" pending="0" />
  </ResultSummary>
  <TestDefinitions>
    <UnitTest name="can_sort_products" storage="c:\temp\examples\csharpindepth\csharpindepth.tests\bin\debug\csharpindepth.tests.dll" id="e0a8b8cd-6b6b-c81f-7a60-bf0b2f3d3aec">
      <Execution timeOut="1800000" id="b82a9d57-0d38-44ff-8afb-1d10c15bc726" />
      <TestMethod codeBase="C:/Temp/examples/CSharpInDepth/CSharpInDepth.Tests/bin/Debug/CSharpInDepth.Tests.DLL" adapterTypeName="Microsoft.VisualStudio.TestTools.TestTypes.Unit.UnitTestAdapter, Microsoft.VisualStudio.QualityTools.Tips.UnitTest.Adapter, Version=10.0.0.0, Culture=neutral, PublicKeyToken=b03f5f7f11d50a3a" className="CSharpInDepth.Tests.Ver1.Tests, CSharpInDepth.Tests, Version=1.0.0.0, Culture=neutral, PublicKeyToken=null" name="can_sort_products" />
    </UnitTest>
  </TestDefinitions>
  <TestLists>
    <TestList name="Results Not in a List" id="8c84fa94-04c1-424b-9868-57a2d4851a1d" />
    <TestList name="All Loaded Results" id="19431567-8539-422a-85d7-44ee4e166bda" />
  </TestLists>
  <TestEntries>
    <TestEntry testId="e0a8b8cd-6b6b-c81f-7a60-bf0b2f3d3aec" executionId="b82a9d57-0d38-44ff-8afb-1d10c15bc726" testListId="8c84fa94-04c1-424b-9868-57a2d4851a1d" />
  </TestEntries>
  <Results>
    <UnitTestResult executionId="b82a9d57-0d38-44ff-8afb-1d10c15bc726" testId="e0a8b8cd-6b6b-c81f-7a60-bf0b2f3d3aec" testName="can_sort_products" computerName="LTKBURKHARDTW7" duration="00:00:00.0209747" startTime="2011-04-28T13:48:21.2899702-04:00" endTime="2011-04-28T13:48:21.3969809-04:00" testType="13cdc9d9-ddb5-4fa4-a97d-d965ccfc6d4b" outcome="Passed" testListId="8c84fa94-04c1-424b-9868-57a2d4851a1d" relativeResultsDirectory="b82a9d57-0d38-44ff-8afb-1d10c15bc726">
      <Output>
        <StdOut>Assasians: 14.99
Frogs: 13.99
Sweeney Todd: 10.99
West Side Story: 9.99</StdOut>
      </Output>
    </UnitTestResult>
  </Results>
</TestRun>