<?xml version="1.0" encoding="UTF-8"?>
<TestRun id="9305efed-1f1d-44cc-a676-145b23ec78a9" name="KBurkhardt@LTKBURKHARDTW7 2011-04-29 10:03:29" runUser="ENTERPRISE\KBurkhardt" xmlns="http://microsoft.com/schemas/VisualStudio/TeamTest/2010">
  <TestSettings name="Default Test Settings" id="d1d7dca4-b1fd-45ca-8de4-767eb3f11b42">
    <Execution>
      <TestTypeSpecific />
      <AgentRule name="Execution Agents">
      </AgentRule>
    </Execution>
    <Deployment runDeploymentRoot="KBurkhardt_LTKBURKHARDTW7 2011-04-29 10_03_29" />
  </TestSettings>
  <Times creation="2011-04-29T10:03:29.3313072-04:00" queuing="2011-04-29T10:03:30.3134054-04:00" start="2011-04-29T10:03:30.6874428-04:00" finish="2011-04-29T10:04:48.6092342-04:00" />
  <ResultSummary outcome="Completed">
    <Counters total="1" executed="1" passed="1" error="0" failed="0" timeout="0" aborted="0" inconclusive="0" passedButRunAborted="0" notRunnable="0" notExecuted="0" disconnected="0" warning="0" completed="0" inProgress="0" pending="0" />
  </ResultSummary>
  <TestDefinitions>
    <UnitTest name="can_loop_products" storage="c:\temp\examples\csharpindepth\csharpindepth.tests\bin\debug\csharpindepth.tests.dll" id="63c19e7c-c4b9-da1f-f5bf-0d1a3931bf6b">
      <Execution timeOut="1800000" id="c5e46ded-b233-41e3-ab66-51b4df2624a3" />
      <TestMethod codeBase="C:/Temp/examples/CSharpInDepth/CSharpInDepth.Tests/bin/Debug/CSharpInDepth.Tests.DLL" adapterTypeName="Microsoft.VisualStudio.TestTools.TestTypes.Unit.UnitTestAdapter, Microsoft.VisualStudio.QualityTools.Tips.UnitTest.Adapter, Version=10.0.0.0, Culture=neutral, PublicKeyToken=b03f5f7f11d50a3a" className="CSharpInDepth.Tests.Ver2.Tests, CSharpInDepth.Tests, Version=1.0.0.0, Culture=neutral, PublicKeyToken=null" name="can_loop_products" />
    </UnitTest>
  </TestDefinitions>
  <TestLists>
    <TestList name="Results Not in a List" id="8c84fa94-04c1-424b-9868-57a2d4851a1d" />
    <TestList name="All Loaded Results" id="19431567-8539-422a-85d7-44ee4e166bda" />
  </TestLists>
  <TestEntries>
    <TestEntry testId="63c19e7c-c4b9-da1f-f5bf-0d1a3931bf6b" executionId="c5e46ded-b233-41e3-ab66-51b4df2624a3" testListId="8c84fa94-04c1-424b-9868-57a2d4851a1d" />
  </TestEntries>
  <Results>
    <UnitTestResult executionId="c5e46ded-b233-41e3-ab66-51b4df2624a3" testId="63c19e7c-c4b9-da1f-f5bf-0d1a3931bf6b" testName="can_loop_products" computerName="LTKBURKHARDTW7" duration="00:01:17.5636143" startTime="2011-04-29T10:03:30.8134554-04:00" endTime="2011-04-29T10:04:48.5042237-04:00" testType="13cdc9d9-ddb5-4fa4-a97d-d965ccfc6d4b" outcome="Passed" testListId="8c84fa94-04c1-424b-9868-57a2d4851a1d" relativeResultsDirectory="c5e46ded-b233-41e3-ab66-51b4df2624a3">
      <Output>
        <StdOut>Assasians: 14.99
Frogs: 13.99
Sweeney Todd: 10.99</StdOut>
      </Output>
    </UnitTestResult>
  </Results>
</TestRun>