<?xml version="1.0" encoding="UTF-8"?>
<TestRun id="1ef1602e-8fa3-429e-a8ee-7c4b2cdb44da" name="KBurkhardt@LTKBURKHARDTW7 2011-04-29 10:17:20" runUser="ENTERPRISE\KBurkhardt" xmlns="http://microsoft.com/schemas/VisualStudio/TeamTest/2010">
  <TestSettings name="Default Test Settings" id="9031f2f6-9a95-4624-abce-d394f1e989ce">
    <Execution>
      <TestTypeSpecific />
      <AgentRule name="Execution Agents">
      </AgentRule>
    </Execution>
    <Deployment runDeploymentRoot="KBurkhardt_LTKBURKHARDTW7 2011-04-29 10_17_20" />
  </TestSettings>
  <Times creation="2011-04-29T10:17:20.9474605-04:00" queuing="2011-04-29T10:17:21.4725130-04:00" start="2011-04-29T10:17:21.7175375-04:00" finish="2011-04-29T10:17:21.9925650-04:00" />
  <ResultSummary outcome="Completed">
    <Counters total="1" executed="1" passed="1" error="0" failed="0" timeout="0" aborted="0" inconclusive="0" passedButRunAborted="0" notRunnable="0" notExecuted="0" disconnected="0" warning="0" completed="0" inProgress="0" pending="0" />
  </ResultSummary>
  <TestDefinitions>
    <UnitTest name="can_loop_products" storage="c:\temp\examples\csharpindepth\csharpindepth.tests\bin\debug\csharpindepth.tests.dll" id="22cbd19d-b9be-a3bd-23ea-38719cdbe9e8">
      <Execution timeOut="1800000" id="bf86360d-0af7-49e2-837f-6a68930e32f1" />
      <TestMethod codeBase="C:/Temp/examples/CSharpInDepth/CSharpInDepth.Tests/bin/Debug/CSharpInDepth.Tests.DLL" adapterTypeName="Microsoft.VisualStudio.TestTools.TestTypes.Unit.UnitTestAdapter, Microsoft.VisualStudio.QualityTools.Tips.UnitTest.Adapter, Version=10.0.0.0, Culture=neutral, PublicKeyToken=b03f5f7f11d50a3a" className="CSharpInDepth.Tests.Ver3.Tests, CSharpInDepth.Tests, Version=1.0.0.0, Culture=neutral, PublicKeyToken=null" name="can_loop_products" />
    </UnitTest>
  </TestDefinitions>
  <TestLists>
    <TestList name="Results Not in a List" id="8c84fa94-04c1-424b-9868-57a2d4851a1d" />
    <TestList name="All Loaded Results" id="19431567-8539-422a-85d7-44ee4e166bda" />
  </TestLists>
  <TestEntries>
    <TestEntry testId="22cbd19d-b9be-a3bd-23ea-38719cdbe9e8" executionId="bf86360d-0af7-49e2-837f-6a68930e32f1" testListId="8c84fa94-04c1-424b-9868-57a2d4851a1d" />
  </TestEntries>
  <Results>
    <UnitTestResult executionId="bf86360d-0af7-49e2-837f-6a68930e32f1" testId="22cbd19d-b9be-a3bd-23ea-38719cdbe9e8" testName="can_loop_products" computerName="LTKBURKHARDTW7" duration="00:00:00.0363801" startTime="2011-04-29T10:17:21.7815439-04:00" endTime="2011-04-29T10:17:21.9005558-04:00" testType="13cdc9d9-ddb5-4fa4-a97d-d965ccfc6d4b" outcome="Passed" testListId="8c84fa94-04c1-424b-9868-57a2d4851a1d" relativeResultsDirectory="bf86360d-0af7-49e2-837f-6a68930e32f1">
      <Output>
        <StdOut>Assasians: 14.99
Frogs: 13.99
Sweeney Todd: 10.99</StdOut>
      </Output>
    </UnitTestResult>
  </Results>
</TestRun>