<?xml version="1.0" encoding="UTF-8"?>
<TestRun id="42f5bb9d-dd38-4e10-87e6-d509233a7d25" name="Ken@KENDELLDESKTOP 2011-07-03 17:57:05" runUser="KenDellDesktop\Ken" xmlns="http://microsoft.com/schemas/VisualStudio/TeamTest/2010">
  <TestSettings name="Default Test Settings" id="ae2bc3fb-479b-4ec7-b30b-b348839c815f">
    <Execution>
      <TestTypeSpecific />
      <AgentRule name="Execution Agents">
      </AgentRule>
    </Execution>
    <Deployment runDeploymentRoot="Ken_KENDELLDESKTOP 2011-07-03 17_57_05" />
  </TestSettings>
  <Times creation="2011-07-03T17:57:05.9039404-04:00" queuing="2011-07-03T17:57:06.2819620-04:00" start="2011-07-03T17:57:06.4339707-04:00" finish="2011-07-03T17:57:06.5959800-04:00" />
  <ResultSummary outcome="Completed">
    <Counters total="1" executed="1" passed="1" error="0" failed="0" timeout="0" aborted="0" inconclusive="0" passedButRunAborted="0" notRunnable="0" notExecuted="0" disconnected="0" warning="0" completed="0" inProgress="0" pending="0" />
  </ResultSummary>
  <TestDefinitions>
    <UnitTest name="can_use_List_T" storage="c:\users\ken\repos\home\csharpindepth\csharpindepth.tests\bin\debug\csharpindepth.tests.dll" id="068af2aa-d898-a46c-7469-f587f9abb8d9">
      <Execution timeOut="1800000" id="547dc37d-bde4-4e31-a424-b021206dc6f8" />
      <TestMethod codeBase="C:/Users/Ken/repos/home/CSharpInDepth/CSharpInDepth.Tests/bin/Debug/CSharpInDepth.Tests.DLL" adapterTypeName="Microsoft.VisualStudio.TestTools.TestTypes.Unit.UnitTestAdapter, Microsoft.VisualStudio.QualityTools.Tips.UnitTest.Adapter, Version=10.0.0.0, Culture=neutral, PublicKeyToken=b03f5f7f11d50a3a" className="CSharpInDepth.Tests.Chapter3.Tests, CSharpInDepth.Tests, Version=1.0.0.0, Culture=neutral, PublicKeyToken=null" name="can_use_List_T" />
    </UnitTest>
  </TestDefinitions>
  <TestLists>
    <TestList name="Results Not in a List" id="8c84fa94-04c1-424b-9868-57a2d4851a1d" />
    <TestList name="All Loaded Results" id="19431567-8539-422a-85d7-44ee4e166bda" />
  </TestLists>
  <TestEntries>
    <TestEntry testId="068af2aa-d898-a46c-7469-f587f9abb8d9" executionId="547dc37d-bde4-4e31-a424-b021206dc6f8" testListId="8c84fa94-04c1-424b-9868-57a2d4851a1d" />
  </TestEntries>
  <Results>
    <UnitTestResult executionId="547dc37d-bde4-4e31-a424-b021206dc6f8" testId="068af2aa-d898-a46c-7469-f587f9abb8d9" testName="can_use_List_T" computerName="KENDELLDESKTOP" duration="00:00:00.0116803" startTime="2011-07-03T17:57:06.4699728-04:00" endTime="2011-07-03T17:57:06.5369766-04:00" testType="13cdc9d9-ddb5-4fa4-a97d-d965ccfc6d4b" outcome="Passed" testListId="8c84fa94-04c1-424b-9868-57a2d4851a1d" relativeResultsDirectory="547dc37d-bde4-4e31-a424-b021206dc6f8">
    </UnitTestResult>
  </Results>
</TestRun>