<?xml version="1.0" encoding="UTF-8"?>
<TestRun id="0e3e6656-00a0-44ba-a204-e22d6583123a" name="Ken@KENDELLDESKTOP 2011-07-01 15:44:43" runUser="KenDellDesktop\Ken" xmlns="http://microsoft.com/schemas/VisualStudio/TeamTest/2010">
  <TestSettings name="Default Test Settings" id="6e849488-588a-48d9-9cff-8b0ba2178d9a">
    <Execution>
      <TestTypeSpecific />
      <AgentRule name="Execution Agents">
      </AgentRule>
    </Execution>
    <Deployment runDeploymentRoot="Ken_KENDELLDESKTOP 2011-07-01 15_44_43" />
  </TestSettings>
  <Times creation="2011-07-01T15:44:43.4505384-04:00" queuing="2011-07-01T15:44:43.8245598-04:00" start="2011-07-01T15:44:43.9755685-04:00" finish="2011-07-01T15:44:44.1365777-04:00" />
  <ResultSummary outcome="Completed">
    <Counters total="1" executed="1" passed="1" error="0" failed="0" timeout="0" aborted="0" inconclusive="0" passedButRunAborted="0" notRunnable="0" notExecuted="0" disconnected="0" warning="0" completed="0" inProgress="0" pending="0" />
  </ResultSummary>
  <TestDefinitions>
    <UnitTest name="type_test" storage="c:\users\ken\repos\home\csharpindepth\csharpindepth.tests\bin\debug\csharpindepth.tests.dll" id="87b944ed-1ef4-a877-c2ba-b2a98ba0dbf7">
      <Execution timeOut="1800000" id="bf1b7587-d59b-4d82-9915-b69dd5dd597c" />
      <TestMethod codeBase="c:/Users/Ken/repos/home/CSharpInDepth/CSharpInDepth.Tests/bin/Debug/CSharpInDepth.Tests.DLL" adapterTypeName="Microsoft.VisualStudio.TestTools.TestTypes.Unit.UnitTestAdapter, Microsoft.VisualStudio.QualityTools.Tips.UnitTest.Adapter, Version=10.0.0.0, Culture=neutral, PublicKeyToken=b03f5f7f11d50a3a" className="CSharpInDepth.Tests.Chapter2.Tests, CSharpInDepth.Tests, Version=1.0.0.0, Culture=neutral, PublicKeyToken=null" name="type_test" />
    </UnitTest>
  </TestDefinitions>
  <TestLists>
    <TestList name="Results Not in a List" id="8c84fa94-04c1-424b-9868-57a2d4851a1d" />
    <TestList name="All Loaded Results" id="19431567-8539-422a-85d7-44ee4e166bda" />
  </TestLists>
  <TestEntries>
    <TestEntry testId="87b944ed-1ef4-a877-c2ba-b2a98ba0dbf7" executionId="bf1b7587-d59b-4d82-9915-b69dd5dd597c" testListId="8c84fa94-04c1-424b-9868-57a2d4851a1d" />
  </TestEntries>
  <Results>
    <UnitTestResult executionId="bf1b7587-d59b-4d82-9915-b69dd5dd597c" testId="87b944ed-1ef4-a877-c2ba-b2a98ba0dbf7" testName="type_test" computerName="KENDELLDESKTOP" duration="00:00:00.0115821" startTime="2011-07-01T15:44:44.0125706-04:00" endTime="2011-07-01T15:44:44.0725740-04:00" testType="13cdc9d9-ddb5-4fa4-a97d-d965ccfc6d4b" outcome="Passed" testListId="8c84fa94-04c1-424b-9868-57a2d4851a1d" relativeResultsDirectory="bf1b7587-d59b-4d82-9915-b69dd5dd597c">
      <Output>
        <StdOut>5</StdOut>
      </Output>
    </UnitTestResult>
  </Results>
</TestRun>