<?xml version="1.0" encoding="UTF-8"?>
<TestRun id="4b3bbef9-fbbc-415e-9c79-23e74431c272" name="Ken@KENDELLDESKTOP 2011-07-03 16:52:05" runUser="KenDellDesktop\Ken" xmlns="http://microsoft.com/schemas/VisualStudio/TeamTest/2010">
  <TestSettings name="Default Test Settings" id="0182c148-28f2-487f-8b38-10000669ff1d">
    <Execution>
      <TestTypeSpecific />
      <AgentRule name="Execution Agents">
      </AgentRule>
    </Execution>
    <Deployment runDeploymentRoot="Ken_KENDELLDESKTOP 2011-07-03 16_52_05" />
  </TestSettings>
  <Times creation="2011-07-03T16:52:05.6838606-04:00" queuing="2011-07-03T16:52:06.0618822-04:00" start="2011-07-03T16:52:06.2138909-04:00" finish="2011-07-03T16:52:06.3799004-04:00" />
  <ResultSummary outcome="Completed">
    <Counters total="1" executed="1" passed="1" error="0" failed="0" timeout="0" aborted="0" inconclusive="0" passedButRunAborted="0" notRunnable="0" notExecuted="0" disconnected="0" warning="0" completed="0" inProgress="0" pending="0" />
  </ResultSummary>
  <TestDefinitions>
    <UnitTest name="can_use_generics" storage="c:\users\ken\repos\home\csharpindepth\csharpindepth.tests\bin\debug\csharpindepth.tests.dll" id="eddc7005-eb46-af1a-9f50-82e818c3d532">
      <Execution timeOut="1800000" id="ea0bff83-3ac0-4fc2-b58f-6abdd14fc67d" />
      <TestMethod codeBase="C:/Users/Ken/repos/home/CSharpInDepth/CSharpInDepth.Tests/bin/Debug/CSharpInDepth.Tests.DLL" adapterTypeName="Microsoft.VisualStudio.TestTools.TestTypes.Unit.UnitTestAdapter, Microsoft.VisualStudio.QualityTools.Tips.UnitTest.Adapter, Version=10.0.0.0, Culture=neutral, PublicKeyToken=b03f5f7f11d50a3a" className="CSharpInDepth.Tests.Chapter3.Tests, CSharpInDepth.Tests, Version=1.0.0.0, Culture=neutral, PublicKeyToken=null" name="can_use_generics" />
    </UnitTest>
  </TestDefinitions>
  <TestLists>
    <TestList name="Results Not in a List" id="8c84fa94-04c1-424b-9868-57a2d4851a1d" />
    <TestList name="All Loaded Results" id="19431567-8539-422a-85d7-44ee4e166bda" />
  </TestLists>
  <TestEntries>
    <TestEntry testId="eddc7005-eb46-af1a-9f50-82e818c3d532" executionId="ea0bff83-3ac0-4fc2-b58f-6abdd14fc67d" testListId="8c84fa94-04c1-424b-9868-57a2d4851a1d" />
  </TestEntries>
  <Results>
    <UnitTestResult executionId="ea0bff83-3ac0-4fc2-b58f-6abdd14fc67d" testId="eddc7005-eb46-af1a-9f50-82e818c3d532" testName="can_use_generics" computerName="KENDELLDESKTOP" duration="00:00:00.0165374" startTime="2011-07-03T16:52:06.2508930-04:00" endTime="2011-07-03T16:52:06.3198970-04:00" testType="13cdc9d9-ddb5-4fa4-a97d-d965ccfc6d4b" outcome="Passed" testListId="8c84fa94-04c1-424b-9868-57a2d4851a1d" relativeResultsDirectory="ea0bff83-3ac0-4fc2-b58f-6abdd14fc67d">
      <Output>
        <StdOut>Do: 1
you: 1
like: 3
green: 2
eggs: 2
and: 2
ham: 2
I: 3
do: 2
not: 2
them: 1
Sam: 1
am: 1
: 1</StdOut>
      </Output>
    </UnitTestResult>
  </Results>
</TestRun>