<?xml version="1.0" encoding="UTF-8"?>
<TestRun id="e36e39d9-496a-464d-bae6-a0a67379e34c" name="Ken@KENDELLDESKTOP 2011-07-03 18:07:58" runUser="KenDellDesktop\Ken" xmlns="http://microsoft.com/schemas/VisualStudio/TeamTest/2010">
  <TestSettings name="Default Test Settings" id="433d3ec2-2d2b-463c-84ab-793ca9f4b1ad">
    <Execution>
      <TestTypeSpecific />
      <AgentRule name="Execution Agents">
      </AgentRule>
    </Execution>
    <Deployment runDeploymentRoot="Ken_KENDELLDESKTOP 2011-07-03 18_07_58" />
  </TestSettings>
  <Times creation="2011-07-03T18:07:58.7402805-04:00" queuing="2011-07-03T18:07:59.1163020-04:00" start="2011-07-03T18:07:59.2643105-04:00" finish="2011-07-03T18:07:59.4333202-04:00" />
  <ResultSummary outcome="Completed">
    <Counters total="1" executed="1" passed="1" error="0" failed="0" timeout="0" aborted="0" inconclusive="0" passedButRunAborted="0" notRunnable="0" notExecuted="0" disconnected="0" warning="0" completed="0" inProgress="0" pending="0" />
  </ResultSummary>
  <TestDefinitions>
    <UnitTest name="can_test_listing_3_3" storage="c:\users\ken\repos\home\csharpindepth\csharpindepth.tests\bin\debug\csharpindepth.tests.dll" id="c61b7e96-9f7d-c6e6-cb84-62875e71ac48">
      <Execution timeOut="1800000" id="9a194036-6091-4c77-83b5-45c49effcf96" />
      <TestMethod codeBase="C:/Users/Ken/repos/home/CSharpInDepth/CSharpInDepth.Tests/bin/Debug/CSharpInDepth.Tests.DLL" adapterTypeName="Microsoft.VisualStudio.TestTools.TestTypes.Unit.UnitTestAdapter, Microsoft.VisualStudio.QualityTools.Tips.UnitTest.Adapter, Version=10.0.0.0, Culture=neutral, PublicKeyToken=b03f5f7f11d50a3a" className="CSharpInDepth.Tests.Chapter3.Tests, CSharpInDepth.Tests, Version=1.0.0.0, Culture=neutral, PublicKeyToken=null" name="can_test_listing_3_3" />
    </UnitTest>
  </TestDefinitions>
  <TestLists>
    <TestList name="Results Not in a List" id="8c84fa94-04c1-424b-9868-57a2d4851a1d" />
    <TestList name="All Loaded Results" id="19431567-8539-422a-85d7-44ee4e166bda" />
  </TestLists>
  <TestEntries>
    <TestEntry testId="c61b7e96-9f7d-c6e6-cb84-62875e71ac48" executionId="9a194036-6091-4c77-83b5-45c49effcf96" testListId="8c84fa94-04c1-424b-9868-57a2d4851a1d" />
  </TestEntries>
  <Results>
    <UnitTestResult executionId="9a194036-6091-4c77-83b5-45c49effcf96" testId="c61b7e96-9f7d-c6e6-cb84-62875e71ac48" testName="can_test_listing_3_3" computerName="KENDELLDESKTOP" duration="00:00:00.0127960" startTime="2011-07-03T18:07:59.3053128-04:00" endTime="2011-07-03T18:07:59.3723167-04:00" testType="13cdc9d9-ddb5-4fa4-a97d-d965ccfc6d4b" outcome="Passed" testListId="8c84fa94-04c1-424b-9868-57a2d4851a1d" relativeResultsDirectory="9a194036-6091-4c77-83b5-45c49effcf96">
      <Output>
        <StdOut>Line 1
Line 2</StdOut>
      </Output>
    </UnitTestResult>
  </Results>
</TestRun>