<?xml version="1.0" encoding="UTF-8"?>
<TestRun id="c404ec84-ccff-470e-849d-1991ed123294" name="Ken@KENDELLDESKTOP 2011-07-03 16:28:35" runUser="KenDellDesktop\Ken" xmlns="http://microsoft.com/schemas/VisualStudio/TeamTest/2010">
  <TestSettings name="Default Test Settings" id="6366258d-9869-4b63-a315-bbba5f754071">
    <Execution>
      <TestTypeSpecific />
      <AgentRule name="Execution Agents">
      </AgentRule>
    </Execution>
    <Deployment runDeploymentRoot="Ken_KENDELLDESKTOP 2011-07-03 16_28_35" />
  </TestSettings>
  <Times creation="2011-07-03T16:28:35.2051858-04:00" queuing="2011-07-03T16:28:35.6092089-04:00" start="2011-07-03T16:28:35.7822188-04:00" finish="2011-07-03T16:28:35.9492284-04:00" />
  <ResultSummary outcome="Completed">
    <Counters total="1" executed="1" passed="1" error="0" failed="0" timeout="0" aborted="0" inconclusive="0" passedButRunAborted="0" notRunnable="0" notExecuted="0" disconnected="0" warning="0" completed="0" inProgress="0" pending="0" />
  </ResultSummary>
  <TestDefinitions>
    <UnitTest name="can_use_delegates" storage="c:\users\ken\repos\home\csharpindepth\csharpindepth.tests\bin\debug\csharpindepth.tests.dll" id="10b9a1c5-2fe3-4198-29f1-1efb68fc7211">
      <Execution timeOut="1800000" id="9bb97aa9-8108-4d11-98ae-3c3da2f07e81" />
      <TestMethod codeBase="C:/Users/Ken/repos/home/CSharpInDepth/CSharpInDepth.Tests/bin/Debug/CSharpInDepth.Tests.DLL" adapterTypeName="Microsoft.VisualStudio.TestTools.TestTypes.Unit.UnitTestAdapter, Microsoft.VisualStudio.QualityTools.Tips.UnitTest.Adapter, Version=10.0.0.0, Culture=neutral, PublicKeyToken=b03f5f7f11d50a3a" className="CSharpInDepth.Tests.Chapter3.Tests, CSharpInDepth.Tests, Version=1.0.0.0, Culture=neutral, PublicKeyToken=null" name="can_use_delegates" />
    </UnitTest>
  </TestDefinitions>
  <TestLists>
    <TestList name="Results Not in a List" id="8c84fa94-04c1-424b-9868-57a2d4851a1d" />
    <TestList name="All Loaded Results" id="19431567-8539-422a-85d7-44ee4e166bda" />
  </TestLists>
  <TestEntries>
    <TestEntry testId="10b9a1c5-2fe3-4198-29f1-1efb68fc7211" executionId="9bb97aa9-8108-4d11-98ae-3c3da2f07e81" testListId="8c84fa94-04c1-424b-9868-57a2d4851a1d" />
  </TestEntries>
  <Results>
    <UnitTestResult executionId="9bb97aa9-8108-4d11-98ae-3c3da2f07e81" testId="10b9a1c5-2fe3-4198-29f1-1efb68fc7211" testName="can_use_delegates" computerName="KENDELLDESKTOP" duration="00:00:00.0114794" startTime="2011-07-03T16:28:35.8222211-04:00" endTime="2011-07-03T16:28:35.8882249-04:00" testType="13cdc9d9-ddb5-4fa4-a97d-d965ccfc6d4b" outcome="Passed" testListId="8c84fa94-04c1-424b-9868-57a2d4851a1d" relativeResultsDirectory="9bb97aa9-8108-4d11-98ae-3c3da2f07e81">
    </UnitTestResult>
  </Results>
</TestRun>