<?xml version="1.0" encoding="UTF-8"?>
<TestRun id="80167eda-d70f-466e-8c1a-8015c3d9c614" name="Ken@KENDELLDESKTOP 2011-06-19 11:26:21" runUser="KenDellDesktop\Ken" xmlns="http://microsoft.com/schemas/VisualStudio/TeamTest/2010">
  <TestSettings name="Default Test Settings" id="ecce418a-4020-4dbf-a21d-4c0ed282be7c">
    <Execution>
      <TestTypeSpecific />
      <AgentRule name="Execution Agents">
      </AgentRule>
    </Execution>
    <Deployment runDeploymentRoot="Ken_KENDELLDESKTOP 2011-06-19 11_26_21" />
  </TestSettings>
  <Times creation="2011-06-19T11:26:21.4541297-04:00" queuing="2011-06-19T11:26:23.3212365-04:00" start="2011-06-19T11:26:23.9692736-04:00" finish="2011-06-19T11:26:24.5963094-04:00" />
  <ResultSummary outcome="Completed">
    <Counters total="2" executed="2" passed="2" error="0" failed="0" timeout="0" aborted="0" inconclusive="0" passedButRunAborted="0" notRunnable="0" notExecuted="0" disconnected="0" warning="0" completed="0" inProgress="0" pending="0" />
  </ResultSummary>
  <TestDefinitions>
    <UnitTest name="can_sort_products" storage="c:\users\ken\repos\home\csharpindepth\csharpindepth.tests\bin\debug\csharpindepth.tests.dll" id="e0a8b8cd-6b6b-c81f-7a60-bf0b2f3d3aec">
      <Execution timeOut="1800000" id="d3755c7b-df1c-47bc-8479-5db59a970599" />
      <TestMethod codeBase="C:/Users/Ken/repos/home/CSharpInDepth/CSharpInDepth.Tests/bin/Debug/CSharpInDepth.Tests.DLL" adapterTypeName="Microsoft.VisualStudio.TestTools.TestTypes.Unit.UnitTestAdapter, Microsoft.VisualStudio.QualityTools.Tips.UnitTest.Adapter, Version=10.0.0.0, Culture=neutral, PublicKeyToken=b03f5f7f11d50a3a" className="CSharpInDepth.Tests.Ver1.Tests, CSharpInDepth.Tests, Version=1.0.0.0, Culture=neutral, PublicKeyToken=null" name="can_sort_products" />
    </UnitTest>
    <UnitTest name="can_loop_products" storage="c:\users\ken\repos\home\csharpindepth\csharpindepth.tests\bin\debug\csharpindepth.tests.dll" id="90cfbf40-0aba-8816-c9ae-1a6c83a91465">
      <Execution timeOut="1800000" id="e7dffd68-f730-4b84-af6b-7b4950389a8b" />
      <TestMethod codeBase="C:/Users/Ken/repos/home/CSharpInDepth/CSharpInDepth.Tests/bin/Debug/CSharpInDepth.Tests.DLL" adapterTypeName="Microsoft.VisualStudio.TestTools.TestTypes.Unit.UnitTestAdapter, Microsoft.VisualStudio.QualityTools.Tips.UnitTest.Adapter, Version=10.0.0.0, Culture=neutral, PublicKeyToken=b03f5f7f11d50a3a" className="CSharpInDepth.Tests.Ver1.Tests, CSharpInDepth.Tests, Version=1.0.0.0, Culture=neutral, PublicKeyToken=null" name="can_loop_products" />
    </UnitTest>
  </TestDefinitions>
  <TestLists>
    <TestList name="Results Not in a List" id="8c84fa94-04c1-424b-9868-57a2d4851a1d" />
    <TestList name="All Loaded Results" id="19431567-8539-422a-85d7-44ee4e166bda" />
  </TestLists>
  <TestEntries>
    <TestEntry testId="90cfbf40-0aba-8816-c9ae-1a6c83a91465" executionId="e7dffd68-f730-4b84-af6b-7b4950389a8b" testListId="8c84fa94-04c1-424b-9868-57a2d4851a1d" />
    <TestEntry testId="e0a8b8cd-6b6b-c81f-7a60-bf0b2f3d3aec" executionId="d3755c7b-df1c-47bc-8479-5db59a970599" testListId="8c84fa94-04c1-424b-9868-57a2d4851a1d" />
  </TestEntries>
  <Results>
    <UnitTestResult executionId="e7dffd68-f730-4b84-af6b-7b4950389a8b" testId="90cfbf40-0aba-8816-c9ae-1a6c83a91465" testName="can_loop_products" computerName="KENDELLDESKTOP" duration="00:00:00.0122413" startTime="2011-06-19T11:26:24.4012983-04:00" endTime="2011-06-19T11:26:24.5233053-04:00" testType="13cdc9d9-ddb5-4fa4-a97d-d965ccfc6d4b" outcome="Passed" testListId="8c84fa94-04c1-424b-9868-57a2d4851a1d" relativeResultsDirectory="e7dffd68-f730-4b84-af6b-7b4950389a8b">
      <Output>
        <StdOut>Assasians: 14.99
Frogs: 13.99
Sweeney Todd: 10.99</StdOut>
      </Output>
    </UnitTestResult>
    <UnitTestResult executionId="d3755c7b-df1c-47bc-8479-5db59a970599" testId="e0a8b8cd-6b6b-c81f-7a60-bf0b2f3d3aec" testName="can_sort_products" computerName="KENDELLDESKTOP" duration="00:00:00.0005349" startTime="2011-06-19T11:26:24.5253054-04:00" endTime="2011-06-19T11:26:24.5263054-04:00" testType="13cdc9d9-ddb5-4fa4-a97d-d965ccfc6d4b" outcome="Passed" testListId="8c84fa94-04c1-424b-9868-57a2d4851a1d" relativeResultsDirectory="d3755c7b-df1c-47bc-8479-5db59a970599">
      <Output>
        <StdOut>Assasians: 14.99
Frogs: 13.99
Sweeney Todd: 10.99
West Side Story: 9.99</StdOut>
      </Output>
    </UnitTestResult>
  </Results>
</TestRun>