<?xml version="1.0" encoding="UTF-8"?>
<TestRun id="16d99f78-2e19-4e35-ab84-9c6af0117c16" name="Ken@KENDELLDESKTOP 2011-07-03 18:02:03" runUser="KenDellDesktop\Ken" xmlns="http://microsoft.com/schemas/VisualStudio/TeamTest/2010">
  <TestSettings name="Default Test Settings" id="d74d68fa-029b-41a8-aa70-5f952fba785f">
    <Execution>
      <TestTypeSpecific />
      <AgentRule name="Execution Agents">
      </AgentRule>
    </Execution>
    <Deployment runDeploymentRoot="Ken_KENDELLDESKTOP 2011-07-03 18_02_03" />
  </TestSettings>
  <Times creation="2011-07-03T18:02:03.8089796-04:00" queuing="2011-07-03T18:02:04.1840011-04:00" start="2011-07-03T18:02:04.3350097-04:00" finish="2011-07-03T18:02:04.5240205-04:00" />
  <ResultSummary outcome="Completed">
    <Counters total="1" executed="1" passed="1" error="0" failed="0" timeout="0" aborted="0" inconclusive="0" passedButRunAborted="0" notRunnable="0" notExecuted="0" disconnected="0" warning="0" completed="0" inProgress="0" pending="0" />
  </ResultSummary>
  <TestDefinitions>
    <UnitTest name="can_use_List_T" storage="c:\users\ken\repos\home\csharpindepth\csharpindepth.tests\bin\debug\csharpindepth.tests.dll" id="068af2aa-d898-a46c-7469-f587f9abb8d9">
      <Execution timeOut="1800000" id="8d5d400d-7ce2-4d00-a847-cf1b9c86dca4" />
      <TestMethod codeBase="C:/Users/Ken/repos/home/CSharpInDepth/CSharpInDepth.Tests/bin/Debug/CSharpInDepth.Tests.DLL" adapterTypeName="Microsoft.VisualStudio.TestTools.TestTypes.Unit.UnitTestAdapter, Microsoft.VisualStudio.QualityTools.Tips.UnitTest.Adapter, Version=10.0.0.0, Culture=neutral, PublicKeyToken=b03f5f7f11d50a3a" className="CSharpInDepth.Tests.Chapter3.Tests, CSharpInDepth.Tests, Version=1.0.0.0, Culture=neutral, PublicKeyToken=null" name="can_use_List_T" />
    </UnitTest>
  </TestDefinitions>
  <TestLists>
    <TestList name="Results Not in a List" id="8c84fa94-04c1-424b-9868-57a2d4851a1d" />
    <TestList name="All Loaded Results" id="19431567-8539-422a-85d7-44ee4e166bda" />
  </TestLists>
  <TestEntries>
    <TestEntry testId="068af2aa-d898-a46c-7469-f587f9abb8d9" executionId="8d5d400d-7ce2-4d00-a847-cf1b9c86dca4" testListId="8c84fa94-04c1-424b-9868-57a2d4851a1d" />
  </TestEntries>
  <Results>
    <UnitTestResult executionId="8d5d400d-7ce2-4d00-a847-cf1b9c86dca4" testId="068af2aa-d898-a46c-7469-f587f9abb8d9" testName="can_use_List_T" computerName="KENDELLDESKTOP" duration="00:00:00.0308358" startTime="2011-07-03T18:02:04.3750120-04:00" endTime="2011-07-03T18:02:04.4570167-04:00" testType="13cdc9d9-ddb5-4fa4-a97d-d965ccfc6d4b" outcome="Passed" testListId="8c84fa94-04c1-424b-9868-57a2d4851a1d" relativeResultsDirectory="8d5d400d-7ce2-4d00-a847-cf1b9c86dca4">
      <Output>
        <StdOut>1
1.4142135623731
1.73205080756888
2</StdOut>
      </Output>
    </UnitTestResult>
  </Results>
</TestRun>