<?xml version="1.0" encoding="UTF-8"?>
<TestRun id="8bbce007-b19f-48a7-ad5f-9d73928b142a" name="Ken@KENDELLDESKTOP 2011-07-01 12:25:12" runUser="KenDellDesktop\Ken" xmlns="http://microsoft.com/schemas/VisualStudio/TeamTest/2010">
  <TestSettings name="Default Test Settings" id="351a9c16-581b-42ed-95be-81f22b93bbbb">
    <Execution>
      <TestTypeSpecific />
      <AgentRule name="Execution Agents">
      </AgentRule>
    </Execution>
    <Deployment runDeploymentRoot="Ken_KENDELLDESKTOP 2011-07-01 12_25_12" />
  </TestSettings>
  <Times creation="2011-07-01T12:25:12.6165797-04:00" queuing="2011-07-01T12:25:13.0071293-04:00" start="2011-07-01T12:25:13.1616489-04:00" finish="2011-07-01T12:25:13.3256698-04:00" />
  <ResultSummary outcome="Completed">
    <Counters total="1" executed="1" passed="1" error="0" failed="0" timeout="0" aborted="0" inconclusive="0" passedButRunAborted="0" notRunnable="0" notExecuted="0" disconnected="0" warning="0" completed="0" inProgress="0" pending="0" />
  </ResultSummary>
  <TestDefinitions>
    <UnitTest name="can_use_delegates" storage="c:\users\ken\repos\home\csharpindepth\csharpindepth.tests\bin\debug\csharpindepth.tests.dll" id="44902abe-ef73-6676-59e8-8f3cf8c0e5b6">
      <Execution timeOut="1800000" id="36a26a9b-e2c9-455a-bfa7-95bea23632e1" />
      <TestMethod codeBase="c:/Users/Ken/repos/home/CSharpInDepth/CSharpInDepth.Tests/bin/Debug/CSharpInDepth.Tests.DLL" adapterTypeName="Microsoft.VisualStudio.TestTools.TestTypes.Unit.UnitTestAdapter, Microsoft.VisualStudio.QualityTools.Tips.UnitTest.Adapter, Version=10.0.0.0, Culture=neutral, PublicKeyToken=b03f5f7f11d50a3a" className="CSharpInDepth.Tests.Chapter2.Tests, CSharpInDepth.Tests, Version=1.0.0.0, Culture=neutral, PublicKeyToken=null" name="can_use_delegates" />
    </UnitTest>
  </TestDefinitions>
  <TestLists>
    <TestList name="Results Not in a List" id="8c84fa94-04c1-424b-9868-57a2d4851a1d" />
    <TestList name="All Loaded Results" id="19431567-8539-422a-85d7-44ee4e166bda" />
  </TestLists>
  <TestEntries>
    <TestEntry testId="44902abe-ef73-6676-59e8-8f3cf8c0e5b6" executionId="36a26a9b-e2c9-455a-bfa7-95bea23632e1" testListId="8c84fa94-04c1-424b-9868-57a2d4851a1d" />
  </TestEntries>
  <Results>
    <UnitTestResult executionId="36a26a9b-e2c9-455a-bfa7-95bea23632e1" testId="44902abe-ef73-6676-59e8-8f3cf8c0e5b6" testName="can_use_delegates" computerName="KENDELLDESKTOP" duration="00:00:00.0113570" startTime="2011-07-01T12:25:13.1986536-04:00" endTime="2011-07-01T12:25:13.2651621-04:00" testType="13cdc9d9-ddb5-4fa4-a97d-d965ccfc6d4b" outcome="Passed" testListId="8c84fa94-04c1-424b-9868-57a2d4851a1d" relativeResultsDirectory="36a26a9b-e2c9-455a-bfa7-95bea23632e1">
      <Output>
        <StdOut>Static Printing ken testInstance Printing ken test</StdOut>
      </Output>
    </UnitTestResult>
  </Results>
</TestRun>